<?xml version="1.0" encoding="UTF-8"?>
<testsuites tests="12" failures="0" disabled="0" errors="0" timestamp="2024-12-10T22:38:54" time="8.587" cv_module_name="core" cv_implementation="plain" cv_num_threads="-1" test_tags="" test_tags_skip="mem_6gb,verylong,debug_verylong" test_tags_force="" cv_version="4.10.0-dev" cv_version_build="4.10.0-dev" cv_vcs_version="4.10.0-429-gd033e628b2-dirty" cv_build_type="Debug" cv_build_type_build="Debug" cv_compiler="/opt/riscv/bin/riscv64-unknown-linux-gnu-g++  (ver 14.2.0)" implementation_hint="ALGO_HINT_ACCURATE" hal="YES (HAL RVV (ver 0.0.1))" cv_parallel_framework="pthreads" cv_parallel_threads="8" cv_cpu_features="RVV" name="AllTests">
  <testsuite name="Size_MatType_meanStdDev" tests="12" failures="0" disabled="0" errors="0" time="8.586">
    <testcase name="meanStdDev/0" value_param="(640x480, 8UC1)" status="run" time="0.022" classname="Size_MatType_meanStdDev">
<properties>
<property name="bytesIn" value="307200"/>
<property name="bytesOut" value="64"/>
<property name="term" value="-1"/>
<property name="samples" value="13"/>
<property name="outliers" value="1"/>
<property name="frequency" value="1000000000"/>
<property name="min" value="119663"/>
<property name="median" value="119851"/>
<property name="gmean" value="119979"/>
<property name="gstddev" value="0.002688"/>
<property name="mean" value="119980"/>
<property name="stddev" value="323"/>
</properties>
    </testcase>
    <testcase name="meanStdDev/1" value_param="(640x480, 8UC4)" status="run" time="0.648" classname="Size_MatType_meanStdDev">
<properties>
<property name="bytesIn" value="1228800"/>
<property name="bytesOut" value="64"/>
<property name="term" value="-1"/>
<property name="samples" value="10"/>
<property name="outliers" value="0"/>
<property name="frequency" value="1000000000"/>
<property name="min" value="55813633"/>
<property name="median" value="56600091"/>
<property name="gmean" value="57072642"/>
<property name="gstddev" value="0.022245"/>
<property name="mean" value="57085387"/>
<property name="stddev" value="1275005"/>
</properties>
    </testcase>
    <testcase name="meanStdDev/2" value_param="(640x480, 32FC1)" status="run" time="0.13" classname="Size_MatType_meanStdDev">
<properties>
<property name="bytesIn" value="1228800"/>
<property name="bytesOut" value="64"/>
<property name="term" value="-1"/>
<property name="samples" value="10"/>
<property name="outliers" value="0"/>
<property name="frequency" value="1000000000"/>
<property name="min" value="10304274"/>
<property name="median" value="10341210"/>
<property name="gmean" value="10341821"/>
<property name="gstddev" value="0.002908"/>
<property name="mean" value="10341860"/>
<property name="stddev" value="30106"/>
</properties>
    </testcase>
    <testcase name="meanStdDev/3" value_param="(1280x720, 8UC1)" status="run" time="0.055" classname="Size_MatType_meanStdDev">
<properties>
<property name="bytesIn" value="921600"/>
<property name="bytesOut" value="64"/>
<property name="term" value="-1"/>
<property name="samples" value="13"/>
<property name="outliers" value="1"/>
<property name="frequency" value="1000000000"/>
<property name="min" value="194536"/>
<property name="median" value="194683"/>
<property name="gmean" value="196135"/>
<property name="gstddev" value="0.023498"/>
<property name="mean" value="196186"/>
<property name="stddev" value="4768"/>
<property name="tags" value="size_hd"/>
<property name="tags_implied" value=""/>
</properties>
    </testcase>
    <testcase name="meanStdDev/4" value_param="(1280x720, 8UC4)" status="run" time="1.955" classname="Size_MatType_meanStdDev">
<properties>
<property name="bytesIn" value="3686400"/>
<property name="bytesOut" value="64"/>
<property name="term" value="-1"/>
<property name="samples" value="10"/>
<property name="outliers" value="0"/>
<property name="frequency" value="1000000000"/>
<property name="min" value="171469168"/>
<property name="median" value="172635200"/>
<property name="gmean" value="172760781"/>
<property name="gstddev" value="0.004742"/>
<property name="mean" value="172762530"/>
<property name="stddev" value="820026"/>
<property name="tags" value="size_hd"/>
<property name="tags_implied" value=""/>
</properties>
    </testcase>
    <testcase name="meanStdDev/5" value_param="(1280x720, 32FC1)" status="run" time="0.382" classname="Size_MatType_meanStdDev">
<properties>
<property name="bytesIn" value="3686400"/>
<property name="bytesOut" value="64"/>
<property name="term" value="-1"/>
<property name="samples" value="10"/>
<property name="outliers" value="0"/>
<property name="frequency" value="1000000000"/>
<property name="min" value="30839115"/>
<property name="median" value="30891614"/>
<property name="gmean" value="30909203"/>
<property name="gstddev" value="0.001938"/>
<property name="mean" value="30909255"/>
<property name="stddev" value="59916"/>
<property name="tags" value="size_hd"/>
<property name="tags_implied" value=""/>
</properties>
    </testcase>
    <testcase name="meanStdDev/6" value_param="(1920x1080, 8UC1)" status="run" time="0.121" classname="Size_MatType_meanStdDev">
<properties>
<property name="bytesIn" value="2073600"/>
<property name="bytesOut" value="64"/>
<property name="term" value="-1"/>
<property name="samples" value="13"/>
<property name="outliers" value="1"/>
<property name="frequency" value="1000000000"/>
<property name="min" value="289617"/>
<property name="median" value="290034"/>
<property name="gmean" value="292095"/>
<property name="gstddev" value="0.023895"/>
<property name="mean" value="292173"/>
<property name="stddev" value="7223"/>
<property name="tags" value="size_fullhd"/>
<property name="tags_implied" value="size_hd"/>
</properties>
    </testcase>
    <testcase name="meanStdDev/7" value_param="(1920x1080, 8UC4)" status="run" time="4.393" classname="Size_MatType_meanStdDev">
<properties>
<property name="bytesIn" value="8294400"/>
<property name="bytesOut" value="64"/>
<property name="term" value="1"/>
<property name="samples" value="10"/>
<property name="outliers" value="0"/>
<property name="frequency" value="1000000000"/>
<property name="min" value="384190054"/>
<property name="median" value="388742310"/>
<property name="gmean" value="388961286"/>
<property name="gstddev" value="0.007378"/>
<property name="mean" value="388970825"/>
<property name="stddev" value="2875458"/>
<property name="tags" value="size_fullhd"/>
<property name="tags_implied" value="size_hd"/>
</properties>
    </testcase>
    <testcase name="meanStdDev/8" value_param="(1920x1080, 32FC1)" status="run" time="0.856" classname="Size_MatType_meanStdDev">
<properties>
<property name="bytesIn" value="8294400"/>
<property name="bytesOut" value="64"/>
<property name="term" value="-1"/>
<property name="samples" value="10"/>
<property name="outliers" value="0"/>
<property name="frequency" value="1000000000"/>
<property name="min" value="69409320"/>
<property name="median" value="69471590"/>
<property name="gmean" value="69492816"/>
<property name="gstddev" value="0.001005"/>
<property name="mean" value="69492847"/>
<property name="stddev" value="69843"/>
<property name="tags" value="size_fullhd"/>
<property name="tags_implied" value="size_hd"/>
</properties>
    </testcase>
    <testcase name="meanStdDev/9" value_param="(127x61, 8UC1)" status="run" time="0.001" classname="Size_MatType_meanStdDev">
<properties>
<property name="bytesIn" value="7747"/>
<property name="bytesOut" value="64"/>
<property name="term" value="-1"/>
<property name="samples" value="13"/>
<property name="outliers" value="1"/>
<property name="frequency" value="1000000000"/>
<property name="min" value="21708"/>
<property name="median" value="21874"/>
<property name="gmean" value="22058"/>
<property name="gstddev" value="0.018753"/>
<property name="mean" value="22062"/>
<property name="stddev" value="418"/>
</properties>
    </testcase>
    <testcase name="meanStdDev/10" value_param="(127x61, 8UC4)" status="run" time="0.016" classname="Size_MatType_meanStdDev">
<properties>
<property name="bytesIn" value="30988"/>
<property name="bytesOut" value="64"/>
<property name="term" value="-1"/>
<property name="samples" value="10"/>
<property name="outliers" value="0"/>
<property name="frequency" value="1000000000"/>
<property name="min" value="1366214"/>
<property name="median" value="1369256"/>
<property name="gmean" value="1377183"/>
<property name="gstddev" value="0.009490"/>
<property name="mean" value="1377239"/>
<property name="stddev" value="13111"/>
</properties>
    </testcase>
    <testcase name="meanStdDev/11" value_param="(127x61, 32FC1)" status="run" time="0.003" classname="Size_MatType_meanStdDev">
<properties>
<property name="bytesIn" value="30988"/>
<property name="bytesOut" value="64"/>
<property name="term" value="-1"/>
<property name="samples" value="10"/>
<property name="outliers" value="0"/>
<property name="frequency" value="1000000000"/>
<property name="min" value="262826"/>
<property name="median" value="263076"/>
<property name="gmean" value="264043"/>
<property name="gstddev" value="0.010276"/>
<property name="mean" value="264055"/>
<property name="stddev" value="2746"/>
</properties>
    </testcase>
  </testsuite>
</testsuites>
